[    0.000000] Initializing cgroup subsys cpuset
[    0.000000] Initializing cgroup subsys cpu
[    0.000000] Initializing cgroup subsys cpuacct
[    0.000000] Linux version 4.4.0-130-generic (buildd@lgw01-amd64-039) (gcc version 5.4.0 20160609 (Ubuntu 5.4.0-6ubuntu1~16.04.9) ) #156-Ubuntu SMP Thu Jun 14 08:53:28 UTC 2018 (Ubuntu 4.4.0-130.156-generic 4.4.134)
[    0.000000] Command line: BOOT_IMAGE=/boot/vmlinuz-4.4.0-130-generic root=UUID=2ee7d6fa-e656-40b5-89e5-042755616b92 ro console=tty1 console=ttyS0
[    0.000000] KERNEL supported cpus:
[    0.000000]   Intel GenuineIntel
[    0.000000]   AMD AuthenticAMD
[    0.000000]   Centaur CentaurHauls
[    0.000000] x86/fpu: xstate_offset[2]:  576, xstate_sizes[2]:  256
[    0.000000] x86/fpu: Supporting XSAVE feature 0x01: 'x87 floating point registers'
[    0.000000] x86/fpu: Supporting XSAVE feature 0x02: 'SSE registers'
[    0.000000] x86/fpu: Supporting XSAVE feature 0x04: 'AVX registers'
[    0.000000] x86/fpu: Enabled xstate features 0x7, context size is 832 bytes, using 'standard' format.
[    0.000000] x86/fpu: Using 'eager' FPU context switches.
[    0.000000] e820: BIOS-provided physical RAM map:
[    0.000000] BIOS-e820: [mem 0x0000000000000000-0x000000000009fbff] usable
[    0.000000] BIOS-e820: [mem 0x000000000009fc00-0x000000000009ffff] reserved
[    0.000000] BIOS-e820: [mem 0x00000000000f0000-0x00000000000fffff] reserved
[    0.000000] BIOS-e820: [mem 0x0000000000100000-0x000000003ffeffff] usable
[    0.000000] BIOS-e820: [mem 0x000000003fff0000-0x000000003fffffff] ACPI data
[    0.000000] BIOS-e820: [mem 0x00000000fec00000-0x00000000fec00fff] reserved
[    0.000000] BIOS-e820: [mem 0x00000000fee00000-0x00000000fee00fff] reserved
[    0.000000] BIOS-e820: [mem 0x00000000fffc0000-0x00000000ffffffff] reserved
[    0.000000] NX (Execute Disable) protection: active
[    0.000000] SMBIOS 2.5 present.
[    0.000000] Hypervisor detected: KVM
[    0.000000] e820: last_pfn = 0x3fff0 max_arch_pfn = 0x400000000
[    0.000000] MTRR: Disabled
[    0.000000] x86/PAT: MTRRs disabled, skipping PAT initialization too.
[    0.000000] CPU MTRRs all blank - virtualized system.
[    0.000000] x86/PAT: Configuration [0-7]: WB  WT  UC- UC  WB  WT  UC- UC  
[    0.000000] found SMP MP-table at [mem 0x0009fff0-0x0009ffff] mapped at [ffff88000009fff0]
[    0.000000] Scanning 1 areas for low memory corruption
[    0.000000] RAMDISK: [mem 0x361f2000-0x370f0fff]
[    0.000000] ACPI: Early table checksum verification disabled
[    0.000000] ACPI: RSDP 0x00000000000E0000 000024 (v02 VBOX  )
[    0.000000] ACPI: XSDT 0x000000003FFF0030 00003C (v01 VBOX   VBOXXSDT 00000001 ASL  00000061)
[    0.000000] ACPI: FACP 0x000000003FFF00F0 0000F4 (v04 VBOX   VBOXFACP 00000001 ASL  00000061)
[    0.000000] ACPI: DSDT 0x000000003FFF0470 0021FF (v02 VBOX   VBOXBIOS 00000002 INTL 20100528)
[    0.000000] ACPI: FACS 0x000000003FFF0200 000040
[    0.000000] ACPI: FACS 0x000000003FFF0200 000040
[    0.000000] ACPI: APIC 0x000000003FFF0240 00005C (v02 VBOX   VBOXAPIC 00000001 ASL  00000061)
[    0.000000] ACPI: SSDT 0x000000003FFF02A0 0001CC (v01 VBOX   VBOXCPUT 00000002 INTL 20100528)
[    0.000000] No NUMA configuration found
[    0.000000] Faking a node at [mem 0x0000000000000000-0x000000003ffeffff]
[    0.000000] NODE_DATA(0) allocated [mem 0x3ffeb000-0x3ffeffff]
[    0.000000] kvm-clock: Using msrs 4b564d01 and 4b564d00
[    0.000000] kvm-clock: cpu 0, msr 0:3ffe3001, primary cpu clock
[    0.000000] kvm-clock: using sched offset of 3405354404 cycles
[    0.000000] clocksource: kvm-clock: mask: 0xffffffffffffffff max_cycles: 0x1cd42e4dffb, max_idle_ns: 881590591483 ns
[    0.000000] Zone ranges:
[    0.000000]   DMA      [mem 0x0000000000001000-0x0000000000ffffff]
[    0.000000]   DMA32    [mem 0x0000000001000000-0x000000003ffeffff]
[    0.000000]   Normal   empty
[    0.000000]   Device   empty
[    0.000000] Movable zone start for each node
[    0.000000] Early memory node ranges
[    0.000000]   node   0: [mem 0x0000000000001000-0x000000000009efff]
[    0.000000]   node   0: [mem 0x0000000000100000-0x000000003ffeffff]
[    0.000000] Initmem setup node 0 [mem 0x0000000000001000-0x000000003ffeffff]
[    0.000000] ACPI: PM-Timer IO Port: 0x4008
[    0.000000] IOAPIC[0]: apic_id 2, version 32, address 0xfec00000, GSI 0-23
[    0.000000] ACPI: INT_SRC_OVR (bus 0 bus_irq 0 global_irq 2 dfl dfl)
[    0.000000] ACPI: INT_SRC_OVR (bus 0 bus_irq 9 global_irq 9 high level)
[    0.000000] Using ACPI (MADT) for SMP configuration information
[    0.000000] smpboot: Allowing 2 CPUs, 0 hotplug CPUs
[    0.000000] PM: Registered nosave memory: [mem 0x00000000-0x00000fff]
[    0.000000] PM: Registered nosave memory: [mem 0x0009f000-0x0009ffff]
[    0.000000] PM: Registered nosave memory: [mem 0x000a0000-0x000effff]
[    0.000000] PM: Registered nosave memory: [mem 0x000f0000-0x000fffff]
[    0.000000] e820: [mem 0x40000000-0xfebfffff] available for PCI devices
[    0.000000] Booting paravirtualized kernel on KVM
[    0.000000] clocksource: refined-jiffies: mask: 0xffffffff max_cycles: 0xffffffff, max_idle_ns: 7645519600211568 ns
[    0.000000] setup_percpu: NR_CPUS:512 nr_cpumask_bits:512 nr_cpu_ids:2 nr_node_ids:1
[    0.000000] PERCPU: Embedded 34 pages/cpu @ffff88003fc00000 s99544 r8192 d31528 u1048576
[    0.000000] PV qspinlock hash table entries: 256 (order: 0, 4096 bytes)
[    0.000000] Built 1 zonelists in Node order, mobility grouping on.  Total pages: 257912
[    0.000000] Policy zone: DMA32
[    0.000000] Kernel command line: BOOT_IMAGE=/boot/vmlinuz-4.4.0-130-generic root=UUID=2ee7d6fa-e656-40b5-89e5-042755616b92 ro console=tty1 console=ttyS0
[    0.000000] PID hash table entries: 4096 (order: 3, 32768 bytes)
[    0.000000] Memory: 997160K/1048120K available (8546K kernel code, 1313K rwdata, 4000K rodata, 1516K init, 1316K bss, 50960K reserved, 0K cma-reserved)
[    0.000000] SLUB: HWalign=64, Order=0-3, MinObjects=0, CPUs=2, Nodes=1
[    0.000000] Kernel/User page tables isolation: enabled
[    0.000000] Hierarchical RCU implementation.
[    0.000000] 	Build-time adjustment of leaf fanout to 64.
[    0.000000] 	RCU restricting CPUs from NR_CPUS=512 to nr_cpu_ids=2.
[    0.000000] RCU: Adjusting geometry for rcu_fanout_leaf=64, nr_cpu_ids=2
[    0.000000] NR_IRQS:33024 nr_irqs:440 16
[    0.000000] Console: colour VGA+ 80x25
[    0.000000] console [tty1] enabled
[    0.000000] console [ttyS0] enabled
[    0.000000] tsc: Detected 2712.048 MHz processor
[    8.061730] Calibrating delay loop (skipped) preset value.. 5424.09 BogoMIPS (lpj=10848192)
[    8.063173] pid_max: default: 32768 minimum: 301
[    8.063921] ACPI: Core revision 20150930
[    8.106125] ACPI: 2 ACPI AML tables successfully acquired and loaded
[    8.183639] Security Framework initialized
[    8.297469] Yama: becoming mindful.
[    8.340533] AppArmor: AppArmor initialized
[    8.395580] Dentry cache hash table entries: 131072 (order: 8, 1048576 bytes)
[    8.559011] Inode-cache hash table entries: 65536 (order: 7, 524288 bytes)
[    8.714671] Mount-cache hash table entries: 2048 (order: 2, 16384 bytes)
[    8.757445] Mountpoint-cache hash table entries: 2048 (order: 2, 16384 bytes)
[    8.898728] Initializing cgroup subsys io
[    9.023940] Initializing cgroup subsys memory
[    9.138454] Initializing cgroup subsys devices
[    9.188958] Initializing cgroup subsys freezer
[    9.292462] Initializing cgroup subsys net_cls
[    9.368144] Initializing cgroup subsys perf_event
[    9.377014] Initializing cgroup subsys net_prio
[    9.385184] Initializing cgroup subsys hugetlb
[    9.394984] Initializing cgroup subsys pids
[    9.397451] CPU: Physical Processor ID: 0
[    9.401247] CPU: Processor Core ID: 0
[    9.402951] mce: CPU supports 0 MCE banks
[    9.424802] Last level iTLB entries: 4KB 128, 2MB 8, 4MB 8
[    9.550452] Last level dTLB entries: 4KB 64, 2MB 0, 4MB 0, 1GB 4
[    9.710497] Spectre V2 : Mitigation: Full generic retpoline
[    9.863453] Spectre V2 : Speculation control IBPB not-supported IBRS not-supported
[   10.038514] Spectre V2 : Filling RSB on context switch
[   10.121640] Speculative Store Bypass: Vulnerable
[   10.124714] Freeing SMP alternatives memory: 32K
[   10.132984] ftrace: allocating 32245 entries in 126 pages
[   10.321985] smpboot: APIC(0) Converting physical 0 to logical package 0
[   10.430741] smpboot: Max logical packages: 1
[   10.431850] x2apic enabled
[   10.432745] Switched APIC routing to physical x2apic.
[   10.451844] ..TIMER: vector=0x30 apic1=0 pin1=2 apic2=-1 pin2=-1
[   10.568702] smpboot: CPU0: Intel(R) Core(TM) i5-6400 CPU @ 2.70GHz (family: 0x6, model: 0x5e, stepping: 0x3)
[   10.787831] Performance Events: unsupported p6 CPU model 94 no PMU driver, software events only.
[   10.962618] KVM setup paravirtual spinlock
[   11.065211] x86: Booting SMP configuration:
[   11.156516] .... node  #0, CPUs:      #1
[   11.242803] kvm-clock: cpu 1, msr 0:3ffe3041, secondary cpu clock
[   11.381355] mce: CPU supports 0 MCE banks
[   11.475608] x86: Booted up 1 node, 2 CPUs
[   11.501146] smpboot: Total of 2 processors activated (10848.19 BogoMIPS)
[   11.523361] devtmpfs: initialized
[   11.528043] evm: security.selinux
[   11.579404] evm: security.SMACK64
[   11.660840] evm: security.SMACK64EXEC
[   11.714423] evm: security.SMACK64TRANSMUTE
[   11.789926] evm: security.SMACK64MMAP
[   11.859373] evm: security.ima
[   11.901837] evm: security.capability
[   11.910399] clocksource: jiffies: mask: 0xffffffff max_cycles: 0xffffffff, max_idle_ns: 7645041785100000 ns
[   11.935553] futex hash table entries: 512 (order: 3, 32768 bytes)
[   12.014237] pinctrl core: initialized pinctrl subsystem
[   12.015191] RTC time:  1:22:27, date: 07/10/18
[   12.097111] NET: Registered protocol family 16
[   12.125582] cpuidle: using governor ladder
[   12.241612] cpuidle: using governor menu
[   12.256695] PCCT header not found.
[   12.257375] ACPI: bus type PCI registered
[   12.258101] acpiphp: ACPI Hot Plug PCI Controller Driver version: 0.5
[   12.289545] PCI: Using configuration type 1 for base access
[   12.405149] ACPI: Added _OSI(Module Device)
[   12.502433] ACPI: Added _OSI(Processor Device)
[   12.566384] ACPI: Added _OSI(3.0 _SCP Extensions)
[   12.568212] ACPI: Added _OSI(Processor Aggregator Device)
[   12.589592] ACPI: Executed 1 blocks of module-level executable AML code
[   12.608729] ACPI: Interpreter enabled
[   12.630631] ACPI: (supports S0 S5)
[   12.638074] ACPI: Using IOAPIC for interrupt routing
[   12.640425] PCI: Using host bridge windows from ACPI; if necessary, use "pci=nocrs" and report a bug
[   12.678951] ACPI: PCI Root Bridge [PCI0] (domain 0000 [bus 00-ff])
[   12.694762] acpi PNP0A03:00: _OSC: OS supports [ASPM ClockPM Segments MSI]
[   12.695845] acpi PNP0A03:00: _OSC: not requesting OS control; OS requires [ExtendedConfig ASPM ClockPM MSI]
[   12.744261] acpi PNP0A03:00: fail to add MMCONFIG information, can't access extended PCI configuration space under this bridge.
[   12.975028] PCI host bridge to bus 0000:00
[   13.047880] pci_bus 0000:00: root bus resource [io  0x0000-0x0cf7 window]
[   13.191421] pci_bus 0000:00: root bus resource [io  0x0d00-0xffff window]
[   13.192421] pci_bus 0000:00: root bus resource [mem 0x000a0000-0x000bffff window]
[   13.221123] pci_bus 0000:00: root bus resource [mem 0x40000000-0xffdfffff window]
[   13.371663] pci_bus 0000:00: root bus resource [bus 00-ff]
[   13.510942] pci 0000:00:01.1: legacy IDE quirk: reg 0x10: [io  0x01f0-0x01f7]
[   13.627544] pci 0000:00:01.1: legacy IDE quirk: reg 0x14: [io  0x03f6]
[   13.664411] pci 0000:00:01.1: legacy IDE quirk: reg 0x18: [io  0x0170-0x0177]
[   13.827922] pci 0000:00:01.1: legacy IDE quirk: reg 0x1c: [io  0x0376]
[   13.968246] pci 0000:00:07.0: quirk: [io  0x4000-0x403f] claimed by PIIX4 ACPI
[   14.130640] pci 0000:00:07.0: quirk: [io  0x4100-0x410f] claimed by PIIX4 SMB
[   14.325573] ACPI: PCI Interrupt Link [LNKA] (IRQs 5 9 10 *11)
[   14.397244] ACPI: PCI Interrupt Link [LNKB] (IRQs 5 9 10 *11)
[   14.468395] ACPI: PCI Interrupt Link [LNKC] (IRQs 5 9 *10 11)
[   14.574474] ACPI: PCI Interrupt Link [LNKD] (IRQs 5 *9 10 11)
[   14.666555] ACPI: Enabled 2 GPEs in block 00 to 07
[   14.713807] vgaarb: setting as boot device: PCI:0000:00:02.0
[   14.793897] vgaarb: device added: PCI:0000:00:02.0,decodes=io+mem,owns=io+mem,locks=none
[   14.839674] vgaarb: loaded
[   14.840217] vgaarb: bridge control possible 0000:00:02.0
[   14.841340] SCSI subsystem initialized
[   14.916085] ACPI: bus type USB registered
[   15.004368] usbcore: registered new interface driver usbfs
[   15.114374] usbcore: registered new interface driver hub
[   15.243372] usbcore: registered new device driver usb
[   15.354349] PCI: Using ACPI for IRQ routing
[   15.445597] NetLabel: Initializing
[   15.518800] NetLabel:  domain hash size = 128
[   15.609378] NetLabel:  protocols = UNLABELED CIPSOv4
[   15.717365] NetLabel:  unlabeled traffic allowed by default
[   15.764512] amd_nb: Cannot enumerate AMD northbridges
[   15.786258] clocksource: Switched to clocksource kvm-clock
[   15.912613] AppArmor: AppArmor Filesystem Enabled
[   16.043382] pnp: PnP ACPI init
[   16.114153] pnp: PnP ACPI: found 3 devices
[   16.246533] clocksource: acpi_pm: mask: 0xffffff max_cycles: 0xffffff, max_idle_ns: 2085701024 ns
[   16.249354] NET: Registered protocol family 2
[   16.282145] TCP established hash table entries: 8192 (order: 4, 65536 bytes)
[   16.283248] TCP bind hash table entries: 8192 (order: 5, 131072 bytes)
[   16.284252] TCP: Hash tables configured (established 8192 bind 8192)
[   16.285240] UDP hash table entries: 512 (order: 2, 16384 bytes)
[   16.394909] UDP-Lite hash table entries: 512 (order: 2, 16384 bytes)
[   16.443316] NET: Registered protocol family 1
[   16.522853] pci 0000:00:00.0: Limiting direct PCI/PCI transfers
[   16.578704] pci 0000:00:01.0: Activating ISA DMA hang workarounds
[   16.668005] Unpacking initramfs...
[   16.967860] Freeing initrd memory: 15356K
[   17.070029] platform rtc_cmos: registered platform RTC device (no PNP device found)
[   17.233624] Scanning for low memory corruption every 60 seconds
[   17.408878] audit: initializing netlink subsys (disabled)
[   17.572812] audit: type=2000 audit(1531185743.158:1): initialized
[   17.759105] Initialise system trusted keyring
[   17.862985] HugeTLB registered 2 MB page size, pre-allocated 0 pages
[   17.885580] zbud: loaded
[   17.929703] VFS: Disk quotas dquot_6.6.0
[   18.038375] VFS: Dquot-cache hash table entries: 512 (order 0, 4096 bytes)
[   18.066487] tsc: Refined TSC clocksource calibration: 2711.110 MHz
[   18.066488] clocksource: tsc: mask: 0xffffffffffffffff max_cycles: 0x27143d83fc2, max_idle_ns: 440795230967 ns
[   18.133147] squashfs: version 4.0 (2009/01/31) Phillip Lougher
[   18.134446] fuse init (API version 7.23)
[   18.135437] Key type big_key registered
[   18.243838] Allocating IMA MOK and blacklist keyrings.
[   18.381701] Key type asymmetric registered
[   18.386638] Asymmetric key parser 'x509' registered
[   18.396686] Block layer SCSI generic (bsg) driver version 0.4 loaded (major 249)
[   18.398067] io scheduler noop registered
[   18.458761] io scheduler deadline registered (default)
[   18.572331] io scheduler cfq registered
[   18.676940] pci_hotplug: PCI Hot Plug PCI Core version: 0.5
[   18.832317] pciehp: PCI Express Hot Plug Controller Driver version: 0.4
[   18.934378] ACPI: AC Adapter [AC] (on-line)
[   18.980279] input: Power Button as /devices/LNXSYSTM:00/LNXPWRBN:00/input/input0
[   19.168609] ACPI: Power Button [PWRF]
[   19.267826] input: Sleep Button as /devices/LNXSYSTM:00/LNXSLPBN:00/input/input1
[   19.439047] ACPI: Sleep Button [SLPF]
[   19.447254] GHES: HEST is not enabled!
[   19.448086] Serial: 8250/16550 driver, 32 ports, IRQ sharing enabled
[   19.471155] 00:02: ttyS0 at I/O 0x3f8 (irq = 4, base_baud = 115200) is a 16550A
[   19.669105] Linux agpgart interface v0.103
[   19.802779] loop: module loaded
[   19.885404] scsi host0: ata_piix
[   19.987006] scsi host1: ata_piix
[   19.990460] ata1: PATA max UDMA/33 cmd 0x1f0 ctl 0x3f6 bmdma 0xd000 irq 14
[   19.997272] ata2: PATA max UDMA/33 cmd 0x170 ctl 0x376 bmdma 0xd008 irq 15
[   20.013775] libphy: Fixed MDIO Bus: probed
[   20.027604] tun: Universal TUN/TAP device driver, 1.6
[   20.029592] tun: (C) 1999-2004 Max Krasnyansky <maxk@qualcomm.com>
[   20.030579] PPP generic driver version 2.4.2
[   20.031398] ehci_hcd: USB 2.0 'Enhanced' Host Controller (EHCI) Driver
[   20.032367] ehci-pci: EHCI PCI platform driver
[   20.044781] ehci-platform: EHCI generic platform driver
[   20.055821] ohci_hcd: USB 1.1 'Open' Host Controller (OHCI) Driver
[   20.056777] ohci-pci: OHCI PCI platform driver
[   20.066963] ohci-platform: OHCI generic platform driver
[   20.067752] uhci_hcd: USB Universal Host Controller Interface driver
[   20.068733] i8042: PNP: PS/2 Controller [PNP0303:PS2K,PNP0f03:PS2M] at 0x60,0x64 irq 1,12
[   20.070633] serio: i8042 KBD port at 0x60,0x64 irq 1
[   20.174776] serio: i8042 AUX port at 0x60,0x64 irq 12
[   20.307636] mousedev: PS/2 mouse device common for all mice
[   20.475069] input: AT Translated Set 2 keyboard as /devices/platform/i8042/serio0/input/input2
[   20.712275] rtc_cmos rtc_cmos: rtc core: registered rtc_cmos as rtc0
[   20.891879] rtc_cmos rtc_cmos: alarms up to one day, 114 bytes nvram
[   20.909863] i2c /dev entries driver
[   20.991864] device-mapper: uevent: version 1.0.3
[   21.059202] device-mapper: ioctl: 4.34.0-ioctl (2015-10-28) initialised: dm-devel@redhat.com
[   21.082064] ledtrig-cpu: registered to indicate activity on CPUs
[   21.112270] NET: Registered protocol family 10
[   21.211992] NET: Registered protocol family 17
[   21.290777] Key type dns_resolver registered
[   21.389528] registered taskstats version 1
[   21.475709] Loading compiled-in X.509 certificates
[   21.587548] Loaded X.509 cert 'Build time autogenerated kernel key: b3e0fe4bcd6378c38a2c0a4648abbc1fa5043a22'
[   21.845070] zswap: loaded using pool lzo/zbud
[   21.973330] Key type trusted registered
[   22.078185] Key type encrypted registered
[   22.126770] AppArmor: AppArmor sha1 policy hashing enabled
[   22.144495] ima: No TPM chip found, activating TPM-bypass!
[   22.202775] ima: Allocated hash algorithm: sha1
[   22.304447] evm: HMAC attrs: 0x1
[   22.367035]   Magic number: 10:681:356
[   22.466188] input event2: hash matches
[   22.576283] rtc_cmos rtc_cmos: setting system clock to 2018-07-10 01:22:37 UTC (1531185757)
[   22.805805] BIOS EDD facility v0.16 2004-Jun-25, 0 devices found
[   22.966710] EDD information not available.
[   23.091394] Freeing unused kernel memory: 1516K
[   23.217374] Write protecting the kernel read-only data: 14336k
[   23.345166] Freeing unused kernel memory: 1680K
[   23.464444] Freeing unused kernel memory: 96K
Loading, please [   23.591652] random: systemd-udevd: uninitialized urandom read (16 bytes read, 7 bits of entropy available)
wait...
startin[   23.592184] random: udevadm: uninitialized urandom read (16 bytes read, 7 bits of entropy available)
g version 229
[   23.592203] random: udevadm: uninitialized urandom read (16 bytes read, 7 bits of entropy available)
[   23.603186] random: udevadm: uninitialized urandom read (16 bytes read, 7 bits of entropy available)
[   23.603231] random: udevadm: uninitialized urandom read (16 bytes read, 7 bits of entropy available)
[   23.603407] random: udevadm: uninitialized urandom read (16 bytes read, 7 bits of entropy available)
[   23.603473] random: udevadm: uninitialized urandom read (16 bytes read, 7 bits of entropy available)
[   23.603523] random: udevadm: uninitialized urandom read (16 bytes read, 7 bits of entropy available)
[   23.603575] random: udevadm: uninitialized urandom read (16 bytes read, 7 bits of entropy available)
[   23.603625] random: udevadm: uninitialized urandom read (16 bytes read, 7 bits of entropy available)
[   24.510089] Fusion MPT base driver 3.04.20
[   24.527439] Copyright (c) 1999-2008 LSI Corporation
[   24.561238] e1000: Intel(R) PRO/1000 Network Driver - version 7.3.21-k8-NAPI
[   24.671467] e1000: Copyright (c) 1999-2006 Intel Corporation.
[   24.707579] AVX version of gcm_enc/dec engaged.
[   24.722085] AES CTR mode by8 optimization enabled
[   24.833334] Fusion MPT SPI Host driver 3.04.20
[   24.906459] input: ImExPS/2 Generic Explorer Mouse as /devices/platform/i8042/serio1/input/input4
[   25.171595] e1000 0000:00:03.0 eth0: (PCI:33MHz:32-bit) 02:b0:72:86:cc:22
[   25.293354] e1000 0000:00:03.0 eth0: Intel(R) PRO/1000 Network Connection
[   25.302394] mptbase: ioc0: Initiating bringup
[   25.302994] e1000 0000:00:03.0 enp0s3: renamed from eth0
[   25.383182] ioc0: LSI53C1030 A0: Capabilities={Initiator}
[   25.689316] scsi host2: ioc0: LSI53C1030 A0, FwRev=00000000h, Ports=1, MaxQ=256, IRQ=20
[   25.946764] scsi 2:0:0:0: Direct-Access     VBOX     HARDDISK         1.0  PQ: 0 ANSI: 5
[   26.168951] scsi target2:0:0: Beginning Domain Validation
[   26.289464] scsi target2:0:0: Domain Validation skipping write tests
[   26.371234] scsi target2:0:0: Ending Domain Validation
[   26.389896] scsi target2:0:0: asynchronous
[   26.413923] scsi 2:0:1:0: Direct-Access     VBOX     HARDDISK         1.0  PQ: 0 ANSI: 5
[   26.585916] scsi target2:0:1: Beginning Domain Validation
[   26.730298] scsi target2:0:1: Domain Validation skipping write tests
[   26.760661] scsi target2:0:1: Ending Domain Validation
[   26.879316] scsi target2:0:1: asynchronous
[   26.990341] sd 2:0:0:0: [sda] 20971520 512-byte logical blocks: (10.7 GB/10.0 GiB)
[   27.141155] sd 2:0:0:0: Attached scsi generic sg0 type 0
[   27.269358] sd 2:0:0:0: [sda] Write Protect is off
[   27.395635] sd 2:0:1:0: [sdb] 20480 512-byte logical blocks: (10.5 MB/10.0 MiB)
[   27.430556] sd 2:0:1:0: Attached scsi generic sg1 type 0
[   27.430680] sd 2:0:0:0: [sda] Incomplete mode parameter data
[   27.430681] sd 2:0:0:0: [sda] Assuming drive cache: write through
[   27.445827]  sda: sda1
[   27.446736] sd 2:0:1:0: [sdb] Write Protect is off
[   27.447294] sd 2:0:1:0: [sdb] Incomplete mode parameter data
[   27.447296] sd 2:0:1:0: [sdb] Assuming drive cache: write through
[   27.447306] sd 2:0:0:0: [sda] Attached SCSI disk
[   27.466062] sd 2:0:1:0: [sdb] Attached SCSI disk
Begin: Loading e[   29.072420] md: linear personality registered for level -1
ssential drivers ... [   29.196051] md: multipath personality registered for level -4
[   29.347027] md: raid0 personality registered for level 0
[   29.443602] md: raid1 personality registered for level 1
[   29.598272] raid6: sse2x1   gen()  8222 MB/s
[   29.778734] raid6: sse2x1   xor()  5406 MB/s
[   29.962739] raid6: sse2x2   gen() 10670 MB/s
[   30.150724] raid6: sse2x2   xor()  7157 MB/s
[   30.314722] raid6: sse2x4   gen() 11680 MB/s
[   30.442729] raid6: sse2x4   xor()  7968 MB/s
[   30.542548] raid6: using algorithm sse2x4 gen() 11680 MB/s
[   30.588623] raid6: .... xor() 7968 MB/s, rmw enabled
[   30.616270] raid6: using ssse3x2 recovery algorithm
[   30.643904] xor: automatically using best checksumming function:
[   30.826674]    avx       : 20300.000 MB/sec
[   30.961821] async_tx: api initialized (async)
[   31.071935] md: raid6 personality registered for level 6
[   31.194064] md: raid5 personality registered for level 5
[   31.261689] md: raid4 personality registered for level 4
[   31.268008] md: raid10 personality registered for level 10
done.
Begin: Running /scripts/init-premount ...[   31.297551] Btrfs loaded
 done.
Begin: Mounting root file system ... Begin: Running /scripts/local-top ... done.
Begin: Running /scripts/local-premount ... Scanning for Btrfs filesystems
done.
Warning: fsck no[   31.363755] EXT4-fs (sda1): INFO: recovery required on readonly filesystem
t present, so sk[   31.370082] EXT4-fs (sda1): write access will be enabled during recovery
ipping root file system
[   31.503576] random: nonblocking pool is initialized
[   31.766818] EXT4-fs (sda1): recovery complete
[   31.879965] EXT4-fs (sda1): mounted filesystem with ordered data mode. Opts: (null)
done.
Begin: Running /scripts/local-bottom ... done.
Begin: Running /scripts/init-bottom ... done.
[   32.572943] systemd[1]: systemd 229 running in system mode. (+PAM +AUDIT +SELINUX +IMA +APPARMOR +SMACK +SYSVINIT +UTMP +LIBCRYPTSETUP +GCRYPT +GNUTLS +ACL +XZ -LZ4 +SECCOMP +BLKID +ELFUTILS +KMOD -IDN)
[   32.798782] systemd[1]: Detected virtualization oracle.
[   32.927010] systemd[1]: Detected architecture x86-64.

Welcome to [1mUbuntu 16.04.4 LTS[0m!

[   33.091883] systemd[1]: Set hostname to <ubuntu-xenial>.
[   33.694018] systemd[1]: Listening on Journal Socket (/dev/log).
[[0;32m  OK  [0m] Listening on Journal Socket (/dev/log).
[   33.794818] systemd[1]: Listening on udev Kernel Socket.
[[0;32m  OK  [0m] Listening on udev Kernel Socket.
[   33.938925] systemd[1]: Listening on udev Control Socket.
[[0;32m  OK  [0m] Listening on udev Control Socket.
[   34.154939] systemd[1]: Started Trigger resolvconf update for networkd DNS.
[[0;32m  OK  [0m] Started Trigger resolvconf update for networkd DNS.
[   34.450900] systemd[1]: Started Forward Password Requests to Wall Directory Watch.
[[0;32m  OK  [0m] Started Forward Password Requests to Wall Directory Watch.
[   34.758942] systemd[1]: Listening on Journal Socket.
[[0;32m  OK  [0m] Listening on Journal Socket.
[   34.862897] systemd[1]: Listening on /dev/initctl Compatibility Named Pipe.
[[0;32m  OK  [0m] Listening on /dev/initctl Compatibility Named Pipe.
[   34.886874] systemd[1]: Reached target Encrypted Volumes.
[[0;32m  OK  [0m] Reached target Encrypted Volumes.
[   35.106926] systemd[1]: Set up automount Arbitrary Executable File Formats File System Automount Point.
[[0;32m  OK  [0m] Set up automount Arbitrary Executab...ats File System Automount Point.
[   35.358953] systemd[1]: Listening on LVM2 poll daemon socket.
[[0;32m  OK  [0m] Listening on LVM2 poll daemon socket.
[   35.598395] systemd[1]: Reached target User and Group Name Lookups.
[[0;32m  OK  [0m] Reached target User and Group Name Lookups.
[   35.826527] systemd[1]: Reached target Swap.
[[0;32m  OK  [0m] Reached target Swap.
[   35.954961] systemd[1]: Listening on Journal Audit Socket.
[[0;32m  OK  [0m] Listening on Journal Audit Socket.
[   36.138937] systemd[1]: Listening on LVM2 metadata daemon socket.
[[0;32m  OK  [0m] Listening on LVM2 metadata daemon socket.
[   36.406867] systemd[1]: Listening on Device-mapper event daemon FIFOs.
[[0;32m  OK  [0m] Listening on Device-mapper event daemon FIFOs.
[   36.675177] systemd[1]: Created slice User and Session Slice.
[[0;32m  OK  [0m] Created slice User and Session Slice.
[   36.911153] systemd[1]: Created slice System Slice.
[[0;32m  OK  [0m] Created slice System Slice.
[   36.994716] systemd[1]: Mounting Huge Pages File System...
         Mounting Huge Pages File System...
[   37.066906] systemd[1]: Starting Monitoring of LVM2 mirrors, snapshots etc. using dmeventd or progress polling...
         Starting Monitoring of LVM2 mirrors... dmeventd or progress polling...
[   37.442809] systemd[1]: Starting Load Kernel Modules...
[   37.574224] Loading iSCSI transport class v2.0-870.
         Starting Load Kernel Mo[   37.730921] iscsi: registered transport (tcp)
dules...
[   37.822383] systemd[1]: Reached target Slices.
[[0;32m  OK  [0m] Reached targ[   37.958758] iscsi: registered transport (iser)
et Slices.
[   38.054706] systemd[1]: Mounting POSIX Message Queue File System...
         Mounting POSIX Message Queue File System...
[   38.298344] systemd[1]: Mounting Debug File System...
         Mounting Debug File System...
[   38.463119] systemd[1]: Created slice system-serial\x2dgetty.slice.
[[0;32m  OK  [0m] Created slice system-serial\x2dgetty.slice.
[   38.642751] systemd[1]: Starting Uncomplicated firewall...
         Starting Uncomplicated firewall...
[   38.886807] systemd[1]: Reached target System Time Synchronized.
[[0;32m  OK  [0m] Reached target System Time Synchronized.
[   39.062809] systemd[1]: Starting Create list of required static device nodes for the current kernel...
         Starting Create list of required st... nodes for the current kernel...
[   39.303400] systemd[1]: Listening on Syslog Socket.
[[0;32m  OK  [0m] Listening on Syslog Socket.
[   39.494365] systemd[1]: Starting Journal Service...
         Starting Journal Service...
[   39.682787] systemd[1]: Starting Set console keymap...
         Starting Set console keymap...
[   39.882966] systemd[1]: Starting Nameserver information manager...
         Starting Nameserver information manager...
[   40.106756] systemd[1]: Starting Remount Root and Kernel File Systems...
         Starting Remount Root and Kernel File Systems...
[   40.136238] systemd[1]: Mounted Debug File System.
[   40.137909] EXT4-fs (sda1): re-mounted. Opts: (null)
[[0;32m  OK  [0m] Mounted Debug File System.
[   40.326760] systemd[1]: Mounted POSIX Message Queue File System.
[[0;32m  OK  [0m] Mounted POSIX Message Queue File System.
[   40.406813] systemd[1]: Mounted Huge Pages File System.
[[0;32m  OK  [0m] Mounted Huge Pages File System.
[   40.491429] systemd[1]: Started Journal Service.
[[0;32m  OK  [0m] Started Journal Service.
[[0;32m  OK  [0m] Started Load Kernel Modules.
[[0;32m  OK  [0m] Started Uncomplicated firewall.
[[0;32m  OK  [0m] Started Create list of required sta...ce nodes for the current kernel.
[[0;32m  OK  [0m] Started Set console keymap.
[[0;32m  OK  [0m] Started Remount Root and Kernel File Systems.
[[0;32m  OK  [0m] Started Nameserver information manager.
[[0;32m  OK  [0m] Started LVM2 metadata daemon.
         Starting udev Coldplug all Devices...
         Starting Load/Save Random Seed...
         Starting Create Static Device Nodes in /dev...
         Starting Apply Kernel Variables...
         Mounting FUSE Control File System...
         Starting Flush Journal to Persistent Storage...
[[0;32m  OK  [0m] Mounted FUSE Control File System.
[[0;32m  OK  [0m] Started Monitoring of LVM2 mirrors,...ng dmeventd or progress polling.
[[0;32m  OK  [0m] Started Load/Save Random Seed.
[[0;32m  OK  [0m] Started Create Static Device Nodes in /dev.
[[0;32m  OK  [0m] Started Apply Kernel Variables.
[[0;32m  OK  [0m] Started udev Coldplug all Devices.
         Starting udev Kernel Device Manager...
[[0;32m  OK  [0m] Started Flush Journal to Persistent Storage.
[[0;32m  OK  [0m] Started udev Kernel Device Manager.
[[0;32m  OK  [0m] Started Dispatch Password Requests to Console Directory Watch.
[[0;32m  OK  [0m] Reached target Local File Systems (Pre).
[[0;32m  OK  [0m] Reached target Local File Systems.
         Starting LSB: AppArmor initialization...
         Starting Set console font and keymap...
         Starting Initial cloud-init job (pre-networking)...
         Starting Tell Plymouth To Write Out Runtime Data...
         Starting Create Volatile Files and Directories...
[[0;32m  OK  [0m] Started Tell Plymouth To Write Out Runtime Data.
[[0;32m  OK  [0m] Started Create Volatile Files and Directories.
[[0;32m  OK  [0m] Found device /dev/ttyS0.
[[0;32m  OK  [0m] Listening on Load/Save RF Kill Switch Status /dev/rfkill Watch.
         Starting Update UTMP about System Boot/Shutdown...
[[0;32m  OK  [0m] Started Set console font and keymap.
[[0;32m  OK  [0m] Created slice system-getty.slice.
[[0;32m  OK  [0m] Started LSB: AppArmor initialization.
[[0;32m  OK  [0m] Started Update UTMP about System Boot/Shutdown.
[   29.996856] cloud-init[522]: Cloud-init v. 18.2 running 'init-local' at Tue, 10 Jul 2018 01:22:59 +0000. Up 29.45 seconds.
[[0;32m  OK  [0m] Started Initial cloud-init job (pre-networking).
[[0;32m  OK  [0m] Reached target Network (Pre).
         Starting Raise network interfaces...
[[0;32m  OK  [0m] Started ifup for enp0s3.
[[0;32m  OK  [0m] Started Raise network interfaces.
         Starting Initial cloud-init job (metadata service crawler)...
[[0;32m  OK  [0m] Reached target Network.
[   31.412944] cloud-init[991]: Cloud-init v. 18.2 running 'init' at Tue, 10 Jul 2018 01:23:00 +0000. Up 30.86 seconds.
[[0;32m  OK  [0m] Started Initial cloud-init job (metadata service crawler).
[[0;32m  OK  [0m] Reached target System Initialization.
[   31.508311] cloud-init[991]: ci-info: +++++++++++++++++++++++++++++++++++++Net device info++++++++++++++++++++++++++++++++++++++
[   31.820515] cloud-init[991]: ci-info: +--------+------+----------------------------+---------------+-------+-------------------+
[   31.984523] cloud-init[991]: ci-info: | Device |  Up  |          Address           |      Mask     | Scope |     Hw-Address    |
[[0;32m  OK  [0m[   32.008252] cloud-init[991]: ci-info: +--------+------+----------------------------+---------------+-------+-------------------+
[   32.008308] cloud-init[991]: ci-info: | enp0s3 | True |         10.0.2.15          | 255.255.255.0 |   .   | 02:b0:72:86:cc:22 |
[   32.008352] cloud-init[991]: ci-info: | enp0s3 | True | fe80::b0:72ff:fe86:cc22/64 |       .       |  link | 02:b0:72:86:cc:22 |
[   32.008395] cloud-init[991]: ci-info: |   lo   | True |         127.0.0.1          |   255.0.0.0   |   .   |         .         |
[   32.008438] cloud-init[991]: ci-info: |   lo   | True |          ::1/128           |       .       |  host |         .         |
[   32.008481] cloud-init[991]: ci-info: +--------+------+----------------------------+---------------+-------+-------------------+
[   32.008523] cloud-init[991]: ci-info: +++++++++++++++++++++++++++Route IPv4 info++++++++++++++++++++++++++++
[   32.008566] cloud-init[991]: ci-info: +-------+-------------+----------+---------------+-----------+-------+
[   32.008634] cloud-init[991]: ci-info: | Route | Destination | Gateway  |    Genmask    | Interface | Flags |
[   32.008679] cloud-init[991]: ci-info: +-------+-------------+----------+---------------+-----------+-------+
[   32.008737] cloud-init[991]: ci-info: |   0   |   0.0.0.0   | 10.0.2.2 |    0.0.0.0    |   enp0s3  |   UG  |
[   32.008793] cloud-init[991]: ci-info: |   1   |   10.0.2.0  | 0.0.0.0  | 255.255.255.0 |   enp0s3  |   U   |
[   32.008834] cloud-init[991]: ci-info: +-------+-------------+----------+---------------+-----------+-------+
] Listening on UUID daemon activation socket.
         Starting Socket activation for snappy daemon.
[[0;32m  OK  [0m] Started ACPI Events Check.
[[0;32m  OK  [0m] Reached target Paths.
[[0;32m  OK  [0m] Listening on D-Bus System Message Bus Socket.
[[0;32m  OK  [0m] Started Daily Cleanup of Temporary Directories.
         Starting LXD - unix socket.
[[0;32m  OK  [0m] Started Daily apt download activities.
[[0;32m  OK  [0m] Started Daily apt upgrade and clean activities.
[[0;32m  OK  [0m] Reached target Timers.
[[0;32m  OK  [0m] Listening on ACPID Listen Socket.
[[0;32m  OK  [0m] Reached target Cloud-config availability.
[[0;32m  OK  [0m] Reached target Network is Online.
         Starting iSCSI initiator daemon (iscsid)...
[[0;32m  OK  [0m] Listening on Socket activation for snappy daemon.
[[0;32m  OK  [0m] Listening on LXD - unix socket.
[[0;32m  OK  [0m] Reached target Sockets.
[[0;32m  OK  [0m] Reached target Basic System.
[[0;32m  OK  [0m] Started FUSE filesystem for LXC.
         Starting Accounts Service...
         Starting Login Service...
[[0;32m  OK  [0m] Started D-Bus System Message Bus.
         Starting Apply the settings specified in cloud-config...
         Starting Virtualbox guest utils...
[[0;32m  OK  [0m] Started Regular background program processing daemon.
         Starting LSB: MD monitoring daemon...
         Starting OpenBSD Secure Shell server...
[   34.318147] cloud-init[1062]: Cloud-init v. 18.2 running 'modules:config' at Tue, 10 Jul 2018 01:23:04 +0000. Up 34.19 seconds.
         Starting Snappy daemon...
         Starting LSB: Record successful boot for GRUB...
         Starting /etc/rc.local Compatibility...
[[0;32m  OK  [0m] Started ACPI event daemon.
[[0;32m  OK  [0m] Started Deferred execution scheduler.
         Starting LXD - container startup/shutdown...
         Starting System Logging Service...
[[0;32m  OK  [0m] Started Unattended Upgrades Shutdown.
[[0;32m  OK  [0m] Started OpenBSD Secure Shell server.
[[0;32m  OK  [0m] Started iSCSI initiator daemon (iscsid).
[[0;32m  OK  [0m] Started Apply the settings specified in cloud-config.
[[0;32m  OK  [0m] Started /etc/rc.local Compatibility.
[[0;32m  OK  [0m] Started Login Service.
[[0;32m  OK  [0m] Started System Logging Service.
         Starting Authenticate and Authorize Users to Run Privileged Tasks...
         Starting Login to default iSCSI targets...
[[0;32m  OK  [0m] Started Virtualbox guest utils.
[[0;32m  OK  [0m] Started LSB: MD monitoring daemon.
[[0;32m  OK  [0m] Started LSB: Record successful boot for GRUB.
[[0;32m  OK  [0m] Started Authenticate and Authorize Users to Run Privileged Tasks.
[[0;32m  OK  [0m] Started Accounts Service.
[[0;32m  OK  [0m] Started Snappy daemon.
         Starting Wait until snapd is fully seeded...
[[0;32m  OK  [0m] Started Wait until snapd is fully seeded.
[[0;32m  OK  [0m] Started LXD - container startup/shutdown.
[[0;32m  OK  [0m] Started Login to default iSCSI targets.
[[0;32m  OK  [0m] Reached target Remote File Systems (Pre).
[[0;32m  OK  [0m] Reached target Remote File Systems.
         Starting Permit User Sessions...
         Starting LSB: daemon to balance interrupts for SMP systems...
         Starting LSB: automatic crash report generation...
         Starting LSB: Set the CPU Frequency Scaling governor to "ondemand"...
[[0;32m  OK  [0m] Started Permit User Sessions.
         Starting Hold until boot process finishes up...
         Starting Terminate Plymouth Boot Screen...
[[0;32m  OK  [0m] Started LSB: daemon to balance interrupts for SMP systems.
[[0;32m  OK  [0m] Started LSB: automatic crash report generation.
[[0;32m  OK  [0m] Started LSB: Set the CPU Frequency Scaling governor to "ondemand".
[[0;32m  OK  [0m] Started Hold until boot process finishes up.
[[0;32m  OK  [0m] Started Terminate Plymouth Boot Screen.
[[0;32m  OK  [0m] Started Serial Getty on ttyS0.
[[0;32m  OK  [0m] Started Getty on tty1.
[[0;32m  OK  [0m] Reached target Login Prompts.
         Starting Set console scheme...
[[0;32m  OK  [0m] Reached target Multi-User System.
         Starting Execute cloud user/final scripts...
[[0;32m  OK  [0m] Reached target Graphical Interface.
         Starting Update UTMP about System Runlevel Changes...
[[0;32m  OK  [0m] Started Set console scheme.
[[0;32m  OK  [0m] Started Update UTMP about System Runlevel Changes.
[   37.306221] cloud-init[1221]: Cloud-init v. 18.2 running 'modules:final' at Tue, 10 Jul 2018 01:23:07 +0000. Up 37.16 seconds.
[   37.406631] cloud-init[1221]: Cloud-init v. 18.2 finished at Tue, 10 Jul 2018 01:23:07 +0000. Datasource DataSourceNoCloud [seed=/dev/sdb][dsmode=net].  Up 37.30 seconds
[[0;32m  OK  [0m] Started Execute cloud user/final scripts.
[[0;32m  OK  [0m] Reached target Cloud-init target.
         Starting Daily apt download activities...
[[0;32m  OK  [0m] Created slice User Slice of vagrant.
         Starting User Manager for UID 1000...
[[0;32m  OK  [0m] Started User Manager for UID 1000.
[[0;32m  OK  [0m] Started Session 1 of user vagrant.
         Stopping User Manager for UID 1000...
[[0;32m  OK  [0m] Stopped User Manager for UID 1000.
[[0;32m  OK  [0m] Removed slice User Slice of vagrant.

Ubuntu 16.04.4 LTS ubuntu-xenial ttyS0

ubuntu-xenial login: 